02-Apr-2018 14:06:24.605 INFO [main] org.apache.catalina.startup.VersionLoggerListener.log Server version:        Apache Tomcat/9.0.5
02-Apr-2018 14:06:24.610 INFO [main] org.apache.catalina.startup.VersionLoggerListener.log Server built:          Feb 6 2018 21:42:23 UTC
02-Apr-2018 14:06:24.610 INFO [main] org.apache.catalina.startup.VersionLoggerListener.log Server number:         9.0.5.0
02-Apr-2018 14:06:24.611 INFO [main] org.apache.catalina.startup.VersionLoggerListener.log OS Name:               Mac OS X
02-Apr-2018 14:06:24.611 INFO [main] org.apache.catalina.startup.VersionLoggerListener.log OS Version:            10.13.3
02-Apr-2018 14:06:24.611 INFO [main] org.apache.catalina.startup.VersionLoggerListener.log Architecture:          x86_64
02-Apr-2018 14:06:24.612 INFO [main] org.apache.catalina.startup.VersionLoggerListener.log Java Home:             /Library/Java/JavaVirtualMachines/jdk1.8.0_161.jdk/Contents/Home/jre
02-Apr-2018 14:06:24.612 INFO [main] org.apache.catalina.startup.VersionLoggerListener.log JVM Version:           1.8.0_161-b12
02-Apr-2018 14:06:24.612 INFO [main] org.apache.catalina.startup.VersionLoggerListener.log JVM Vendor:            Oracle Corporation
02-Apr-2018 14:06:24.613 INFO [main] org.apache.catalina.startup.VersionLoggerListener.log CATALINA_BASE:         /Users/graemewoods/Documents/School/2XB3/tomcat
02-Apr-2018 14:06:24.613 INFO [main] org.apache.catalina.startup.VersionLoggerListener.log CATALINA_HOME:         /Users/graemewoods/Documents/School/2XB3/tomcat
02-Apr-2018 14:06:24.614 INFO [main] org.apache.catalina.startup.VersionLoggerListener.log Command line argument: -Djava.util.logging.config.file=/Users/graemewoods/Documents/School/2XB3/tomcat/conf/logging.properties
02-Apr-2018 14:06:24.615 INFO [main] org.apache.catalina.startup.VersionLoggerListener.log Command line argument: -Djava.util.logging.manager=org.apache.juli.ClassLoaderLogManager
02-Apr-2018 14:06:24.615 INFO [main] org.apache.catalina.startup.VersionLoggerListener.log Command line argument: -Djdk.tls.ephemeralDHKeySize=2048
02-Apr-2018 14:06:24.615 INFO [main] org.apache.catalina.startup.VersionLoggerListener.log Command line argument: -Djava.protocol.handler.pkgs=org.apache.catalina.webresources
02-Apr-2018 14:06:24.615 INFO [main] org.apache.catalina.startup.VersionLoggerListener.log Command line argument: -Dignore.endorsed.dirs=
02-Apr-2018 14:06:24.616 INFO [main] org.apache.catalina.startup.VersionLoggerListener.log Command line argument: -Dcatalina.base=/Users/graemewoods/Documents/School/2XB3/tomcat
02-Apr-2018 14:06:24.616 INFO [main] org.apache.catalina.startup.VersionLoggerListener.log Command line argument: -Dcatalina.home=/Users/graemewoods/Documents/School/2XB3/tomcat
02-Apr-2018 14:06:24.616 INFO [main] org.apache.catalina.startup.VersionLoggerListener.log Command line argument: -Djava.io.tmpdir=/Users/graemewoods/Documents/School/2XB3/tomcat/temp
02-Apr-2018 14:06:24.617 INFO [main] org.apache.catalina.core.AprLifecycleListener.lifecycleEvent The APR based Apache Tomcat Native library which allows optimal performance in production environments was not found on the java.library.path: [/Users/graemewoods/Library/Java/Extensions:/Library/Java/Extensions:/Network/Library/Java/Extensions:/System/Library/Java/Extensions:/usr/lib/java:.]
02-Apr-2018 14:06:24.767 INFO [main] org.apache.coyote.AbstractProtocol.init Initializing ProtocolHandler ["http-nio-8080"]
02-Apr-2018 14:06:24.795 INFO [main] org.apache.tomcat.util.net.NioSelectorPool.getSharedSelector Using a shared selector for servlet write/read
02-Apr-2018 14:06:24.804 INFO [main] org.apache.coyote.AbstractProtocol.init Initializing ProtocolHandler ["ajp-nio-8009"]
02-Apr-2018 14:06:24.805 INFO [main] org.apache.tomcat.util.net.NioSelectorPool.getSharedSelector Using a shared selector for servlet write/read
02-Apr-2018 14:06:24.806 INFO [main] org.apache.catalina.startup.Catalina.load Initialization processed in 702 ms
02-Apr-2018 14:06:24.841 INFO [main] org.apache.catalina.core.StandardService.startInternal Starting service [Catalina]
02-Apr-2018 14:06:24.841 INFO [main] org.apache.catalina.core.StandardEngine.startInternal Starting Servlet Engine: Apache Tomcat/9.0.5
02-Apr-2018 14:06:24.849 INFO [main] org.apache.catalina.startup.HostConfig.deployDirectory Deploying web application directory [/Users/graemewoods/Documents/School/2XB3/tomcat/webapps/mediPathTest]
02-Apr-2018 14:06:25.309 INFO [main] org.apache.catalina.startup.HostConfig.deployDirectory Deployment of web application directory [/Users/graemewoods/Documents/School/2XB3/tomcat/webapps/mediPathTest] has finished in [459] ms
02-Apr-2018 14:06:25.309 INFO [main] org.apache.catalina.startup.HostConfig.deployDirectory Deploying web application directory [/Users/graemewoods/Documents/School/2XB3/tomcat/webapps/docs]
02-Apr-2018 14:06:25.329 INFO [main] org.apache.catalina.startup.HostConfig.deployDirectory Deployment of web application directory [/Users/graemewoods/Documents/School/2XB3/tomcat/webapps/docs] has finished in [19] ms
02-Apr-2018 14:06:25.331 INFO [main] org.apache.catalina.startup.HostConfig.deployDirectory Deploying web application directory [/Users/graemewoods/Documents/School/2XB3/tomcat/webapps/manager]
02-Apr-2018 14:06:25.386 INFO [main] org.apache.catalina.startup.HostConfig.deployDirectory Deployment of web application directory [/Users/graemewoods/Documents/School/2XB3/tomcat/webapps/manager] has finished in [57] ms
02-Apr-2018 14:06:25.387 INFO [main] org.apache.catalina.startup.HostConfig.deployDirectory Deploying web application directory [/Users/graemewoods/Documents/School/2XB3/tomcat/webapps/examples]
02-Apr-2018 14:06:25.693 INFO [main] org.apache.catalina.startup.HostConfig.deployDirectory Deployment of web application directory [/Users/graemewoods/Documents/School/2XB3/tomcat/webapps/examples] has finished in [305] ms
02-Apr-2018 14:06:25.693 INFO [main] org.apache.catalina.startup.HostConfig.deployDirectory Deploying web application directory [/Users/graemewoods/Documents/School/2XB3/tomcat/webapps/ROOT]
02-Apr-2018 14:06:25.708 INFO [main] org.apache.catalina.startup.HostConfig.deployDirectory Deployment of web application directory [/Users/graemewoods/Documents/School/2XB3/tomcat/webapps/ROOT] has finished in [15] ms
02-Apr-2018 14:06:25.709 INFO [main] org.apache.catalina.startup.HostConfig.deployDirectory Deploying web application directory [/Users/graemewoods/Documents/School/2XB3/tomcat/webapps/host-manager]
02-Apr-2018 14:06:25.729 INFO [main] org.apache.catalina.startup.HostConfig.deployDirectory Deployment of web application directory [/Users/graemewoods/Documents/School/2XB3/tomcat/webapps/host-manager] has finished in [20] ms
02-Apr-2018 14:06:25.733 INFO [main] org.apache.coyote.AbstractProtocol.start Starting ProtocolHandler ["http-nio-8080"]
02-Apr-2018 14:06:25.740 INFO [main] org.apache.coyote.AbstractProtocol.start Starting ProtocolHandler ["ajp-nio-8009"]
02-Apr-2018 14:06:25.742 INFO [main] org.apache.catalina.startup.Catalina.start Server startup in 935 ms
