01-Apr-2018 18:56:39.296 INFO [main] org.apache.catalina.startup.VersionLoggerListener.log Server version:        Apache Tomcat/9.0.5
01-Apr-2018 18:56:39.299 INFO [main] org.apache.catalina.startup.VersionLoggerListener.log Server built:          Feb 6 2018 21:42:23 UTC
01-Apr-2018 18:56:39.299 INFO [main] org.apache.catalina.startup.VersionLoggerListener.log Server number:         9.0.5.0
01-Apr-2018 18:56:39.299 INFO [main] org.apache.catalina.startup.VersionLoggerListener.log OS Name:               Mac OS X
01-Apr-2018 18:56:39.300 INFO [main] org.apache.catalina.startup.VersionLoggerListener.log OS Version:            10.13.3
01-Apr-2018 18:56:39.300 INFO [main] org.apache.catalina.startup.VersionLoggerListener.log Architecture:          x86_64
01-Apr-2018 18:56:39.300 INFO [main] org.apache.catalina.startup.VersionLoggerListener.log Java Home:             /Library/Java/JavaVirtualMachines/jdk1.8.0_161.jdk/Contents/Home/jre
01-Apr-2018 18:56:39.300 INFO [main] org.apache.catalina.startup.VersionLoggerListener.log JVM Version:           1.8.0_161-b12
01-Apr-2018 18:56:39.300 INFO [main] org.apache.catalina.startup.VersionLoggerListener.log JVM Vendor:            Oracle Corporation
01-Apr-2018 18:56:39.300 INFO [main] org.apache.catalina.startup.VersionLoggerListener.log CATALINA_BASE:         /Users/graemewoods/Documents/School/2XB3/tomcat
01-Apr-2018 18:56:39.301 INFO [main] org.apache.catalina.startup.VersionLoggerListener.log CATALINA_HOME:         /Users/graemewoods/Documents/School/2XB3/tomcat
01-Apr-2018 18:56:39.303 INFO [main] org.apache.catalina.startup.VersionLoggerListener.log Command line argument: -Djava.util.logging.config.file=/Users/graemewoods/Documents/School/2XB3/tomcat/conf/logging.properties
01-Apr-2018 18:56:39.303 INFO [main] org.apache.catalina.startup.VersionLoggerListener.log Command line argument: -Djava.util.logging.manager=org.apache.juli.ClassLoaderLogManager
01-Apr-2018 18:56:39.303 INFO [main] org.apache.catalina.startup.VersionLoggerListener.log Command line argument: -Djdk.tls.ephemeralDHKeySize=2048
01-Apr-2018 18:56:39.303 INFO [main] org.apache.catalina.startup.VersionLoggerListener.log Command line argument: -Djava.protocol.handler.pkgs=org.apache.catalina.webresources
01-Apr-2018 18:56:39.303 INFO [main] org.apache.catalina.startup.VersionLoggerListener.log Command line argument: -Dignore.endorsed.dirs=
01-Apr-2018 18:56:39.303 INFO [main] org.apache.catalina.startup.VersionLoggerListener.log Command line argument: -Dcatalina.base=/Users/graemewoods/Documents/School/2XB3/tomcat
01-Apr-2018 18:56:39.304 INFO [main] org.apache.catalina.startup.VersionLoggerListener.log Command line argument: -Dcatalina.home=/Users/graemewoods/Documents/School/2XB3/tomcat
01-Apr-2018 18:56:39.304 INFO [main] org.apache.catalina.startup.VersionLoggerListener.log Command line argument: -Djava.io.tmpdir=/Users/graemewoods/Documents/School/2XB3/tomcat/temp
01-Apr-2018 18:56:39.304 INFO [main] org.apache.catalina.core.AprLifecycleListener.lifecycleEvent The APR based Apache Tomcat Native library which allows optimal performance in production environments was not found on the java.library.path: [/Users/graemewoods/Library/Java/Extensions:/Library/Java/Extensions:/Network/Library/Java/Extensions:/System/Library/Java/Extensions:/usr/lib/java:.]
01-Apr-2018 18:56:39.448 INFO [main] org.apache.coyote.AbstractProtocol.init Initializing ProtocolHandler ["http-nio-8080"]
01-Apr-2018 18:56:39.475 INFO [main] org.apache.tomcat.util.net.NioSelectorPool.getSharedSelector Using a shared selector for servlet write/read
01-Apr-2018 18:56:39.484 INFO [main] org.apache.coyote.AbstractProtocol.init Initializing ProtocolHandler ["ajp-nio-8009"]
01-Apr-2018 18:56:39.485 INFO [main] org.apache.tomcat.util.net.NioSelectorPool.getSharedSelector Using a shared selector for servlet write/read
01-Apr-2018 18:56:39.486 INFO [main] org.apache.catalina.startup.Catalina.load Initialization processed in 751 ms
01-Apr-2018 18:56:39.525 INFO [main] org.apache.catalina.core.StandardService.startInternal Starting service [Catalina]
01-Apr-2018 18:56:39.525 INFO [main] org.apache.catalina.core.StandardEngine.startInternal Starting Servlet Engine: Apache Tomcat/9.0.5
01-Apr-2018 18:56:39.539 INFO [main] org.apache.catalina.startup.HostConfig.deployDirectory Deploying web application directory [/Users/graemewoods/Documents/School/2XB3/tomcat/webapps/working_firstApp]
01-Apr-2018 18:56:40.335 INFO [main] org.apache.catalina.startup.HostConfig.deployDirectory Deployment of web application directory [/Users/graemewoods/Documents/School/2XB3/tomcat/webapps/working_firstApp] has finished in [788] ms
01-Apr-2018 18:56:40.336 INFO [main] org.apache.catalina.startup.HostConfig.deployDirectory Deploying web application directory [/Users/graemewoods/Documents/School/2XB3/tomcat/webapps/docs]
01-Apr-2018 18:56:40.393 INFO [main] org.apache.catalina.startup.HostConfig.deployDirectory Deployment of web application directory [/Users/graemewoods/Documents/School/2XB3/tomcat/webapps/docs] has finished in [58] ms
01-Apr-2018 18:56:40.394 INFO [main] org.apache.catalina.startup.HostConfig.deployDirectory Deploying web application directory [/Users/graemewoods/Documents/School/2XB3/tomcat/webapps/manager]
01-Apr-2018 18:56:40.434 INFO [main] org.apache.catalina.startup.HostConfig.deployDirectory Deployment of web application directory [/Users/graemewoods/Documents/School/2XB3/tomcat/webapps/manager] has finished in [40] ms
01-Apr-2018 18:56:40.435 INFO [main] org.apache.catalina.startup.HostConfig.deployDirectory Deploying web application directory [/Users/graemewoods/Documents/School/2XB3/tomcat/webapps/examples]
01-Apr-2018 18:56:40.815 INFO [main] org.apache.catalina.startup.HostConfig.deployDirectory Deployment of web application directory [/Users/graemewoods/Documents/School/2XB3/tomcat/webapps/examples] has finished in [380] ms
01-Apr-2018 18:56:40.816 INFO [main] org.apache.catalina.startup.HostConfig.deployDirectory Deploying web application directory [/Users/graemewoods/Documents/School/2XB3/tomcat/webapps/ROOT]
01-Apr-2018 18:56:40.836 INFO [main] org.apache.catalina.startup.HostConfig.deployDirectory Deployment of web application directory [/Users/graemewoods/Documents/School/2XB3/tomcat/webapps/ROOT] has finished in [21] ms
01-Apr-2018 18:56:40.836 INFO [main] org.apache.catalina.startup.HostConfig.deployDirectory Deploying web application directory [/Users/graemewoods/Documents/School/2XB3/tomcat/webapps/firstApp]
01-Apr-2018 18:56:40.886 INFO [main] org.apache.catalina.startup.HostConfig.deployDirectory Deployment of web application directory [/Users/graemewoods/Documents/School/2XB3/tomcat/webapps/firstApp] has finished in [50] ms
01-Apr-2018 18:56:40.886 INFO [main] org.apache.catalina.startup.HostConfig.deployDirectory Deploying web application directory [/Users/graemewoods/Documents/School/2XB3/tomcat/webapps/host-manager]
01-Apr-2018 18:56:40.907 INFO [main] org.apache.catalina.startup.HostConfig.deployDirectory Deployment of web application directory [/Users/graemewoods/Documents/School/2XB3/tomcat/webapps/host-manager] has finished in [21] ms
01-Apr-2018 18:56:40.910 INFO [main] org.apache.coyote.AbstractProtocol.start Starting ProtocolHandler ["http-nio-8080"]
01-Apr-2018 18:56:40.917 INFO [main] org.apache.coyote.AbstractProtocol.start Starting ProtocolHandler ["ajp-nio-8009"]
01-Apr-2018 18:56:40.921 INFO [main] org.apache.catalina.startup.Catalina.start Server startup in 1435 ms
01-Apr-2018 18:57:11.424 INFO [ContainerBackgroundProcessor[StandardEngine[Catalina]]] org.apache.catalina.startup.HostConfig.undeploy Undeploying context [/working_firstApp]
01-Apr-2018 18:59:47.096 INFO [http-nio-8080-exec-12] async.AsyncStockServlet.<init> AsyncStockServlet created
01-Apr-2018 18:59:57.007 INFO [Async0-Thread] async.Async0$1.run Putting AsyncThread to sleep
01-Apr-2018 18:59:59.008 INFO [Async0-Thread] async.Async0$1.run Dispatching
01-Apr-2018 18:59:59.016 INFO [http-nio-8080-exec-17] async.Async0.service Received dispatch, completing on the worker thread.
01-Apr-2018 18:59:59.016 INFO [http-nio-8080-exec-17] async.Async0.service After complete called started:false
01-Apr-2018 19:00:02.997 INFO [Async1-Thread] async.Async1$1.run Putting AsyncThread to sleep
01-Apr-2018 19:00:04.999 INFO [Async1-Thread] async.Async1$1.run Dispatching to /jsp/async/async1.jsp
01-Apr-2018 19:17:12.494 INFO [ContainerBackgroundProcessor[StandardEngine[Catalina]]] org.apache.catalina.startup.HostConfig.undeploy Undeploying context [/firstApp]
01-Apr-2018 19:17:12.517 INFO [ContainerBackgroundProcessor[StandardEngine[Catalina]]] org.apache.catalina.startup.HostConfig.deployDirectory Deploying web application directory [/Users/graemewoods/Documents/School/2XB3/tomcat/webapps/mediPathTest]
01-Apr-2018 19:17:12.588 INFO [ContainerBackgroundProcessor[StandardEngine[Catalina]]] org.apache.catalina.startup.HostConfig.deployDirectory Deployment of web application directory [/Users/graemewoods/Documents/School/2XB3/tomcat/webapps/mediPathTest] has finished in [71] ms
01-Apr-2018 19:20:02.683 INFO [ContainerBackgroundProcessor[StandardEngine[Catalina]]] org.apache.catalina.startup.HostConfig.deployDirectory Deploying web application directory [/Users/graemewoods/Documents/School/2XB3/tomcat/webapps/firstApp]
01-Apr-2018 19:20:02.704 INFO [ContainerBackgroundProcessor[StandardEngine[Catalina]]] org.apache.catalina.startup.HostConfig.deployDirectory Deployment of web application directory [/Users/graemewoods/Documents/School/2XB3/tomcat/webapps/firstApp] has finished in [21] ms
01-Apr-2018 19:20:43.226 INFO [ContainerBackgroundProcessor[StandardEngine[Catalina]]] org.apache.catalina.startup.HostConfig.undeploy Undeploying context [/firstApp]
01-Apr-2018 19:26:13.401 INFO [ContainerBackgroundProcessor[StandardEngine[Catalina]]] org.apache.catalina.startup.HostConfig.deployDirectory Deploying web application directory [/Users/graemewoods/Documents/School/2XB3/tomcat/webapps/firstApp]
01-Apr-2018 19:26:13.430 INFO [ContainerBackgroundProcessor[StandardEngine[Catalina]]] org.apache.catalina.startup.HostConfig.deployDirectory Deployment of web application directory [/Users/graemewoods/Documents/School/2XB3/tomcat/webapps/firstApp] has finished in [30] ms
01-Apr-2018 19:27:53.980 INFO [ContainerBackgroundProcessor[StandardEngine[Catalina]]] org.apache.catalina.startup.HostConfig.undeploy Undeploying context [/firstApp]
01-Apr-2018 23:22:10.048 INFO [main] org.apache.catalina.core.StandardServer.await A valid shutdown command was received via the shutdown port. Stopping the Server instance.
01-Apr-2018 23:22:10.052 INFO [main] org.apache.coyote.AbstractProtocol.pause Pausing ProtocolHandler ["http-nio-8080"]
01-Apr-2018 23:22:10.110 INFO [main] org.apache.coyote.AbstractProtocol.pause Pausing ProtocolHandler ["ajp-nio-8009"]
01-Apr-2018 23:22:10.165 INFO [main] org.apache.catalina.core.StandardService.stopInternal Stopping service [Catalina]
01-Apr-2018 23:22:10.197 INFO [main] org.apache.coyote.AbstractProtocol.stop Stopping ProtocolHandler ["http-nio-8080"]
01-Apr-2018 23:22:10.199 INFO [main] org.apache.coyote.AbstractProtocol.stop Stopping ProtocolHandler ["ajp-nio-8009"]
01-Apr-2018 23:22:10.202 INFO [main] org.apache.coyote.AbstractProtocol.destroy Destroying ProtocolHandler ["http-nio-8080"]
01-Apr-2018 23:22:10.203 INFO [main] org.apache.coyote.AbstractProtocol.destroy Destroying ProtocolHandler ["ajp-nio-8009"]
01-Apr-2018 23:22:12.895 INFO [main] org.apache.catalina.startup.VersionLoggerListener.log Server version:        Apache Tomcat/9.0.5
01-Apr-2018 23:22:12.901 INFO [main] org.apache.catalina.startup.VersionLoggerListener.log Server built:          Feb 6 2018 21:42:23 UTC
01-Apr-2018 23:22:12.901 INFO [main] org.apache.catalina.startup.VersionLoggerListener.log Server number:         9.0.5.0
01-Apr-2018 23:22:12.901 INFO [main] org.apache.catalina.startup.VersionLoggerListener.log OS Name:               Mac OS X
01-Apr-2018 23:22:12.902 INFO [main] org.apache.catalina.startup.VersionLoggerListener.log OS Version:            10.13.3
01-Apr-2018 23:22:12.902 INFO [main] org.apache.catalina.startup.VersionLoggerListener.log Architecture:          x86_64
01-Apr-2018 23:22:12.902 INFO [main] org.apache.catalina.startup.VersionLoggerListener.log Java Home:             /Library/Java/JavaVirtualMachines/jdk1.8.0_161.jdk/Contents/Home/jre
01-Apr-2018 23:22:12.902 INFO [main] org.apache.catalina.startup.VersionLoggerListener.log JVM Version:           1.8.0_161-b12
01-Apr-2018 23:22:12.902 INFO [main] org.apache.catalina.startup.VersionLoggerListener.log JVM Vendor:            Oracle Corporation
01-Apr-2018 23:22:12.902 INFO [main] org.apache.catalina.startup.VersionLoggerListener.log CATALINA_BASE:         /Users/graemewoods/Documents/School/2XB3/tomcat
01-Apr-2018 23:22:12.902 INFO [main] org.apache.catalina.startup.VersionLoggerListener.log CATALINA_HOME:         /Users/graemewoods/Documents/School/2XB3/tomcat
01-Apr-2018 23:22:12.904 INFO [main] org.apache.catalina.startup.VersionLoggerListener.log Command line argument: -Djava.util.logging.config.file=/Users/graemewoods/Documents/School/2XB3/tomcat/conf/logging.properties
01-Apr-2018 23:22:12.904 INFO [main] org.apache.catalina.startup.VersionLoggerListener.log Command line argument: -Djava.util.logging.manager=org.apache.juli.ClassLoaderLogManager
01-Apr-2018 23:22:12.904 INFO [main] org.apache.catalina.startup.VersionLoggerListener.log Command line argument: -Djdk.tls.ephemeralDHKeySize=2048
01-Apr-2018 23:22:12.904 INFO [main] org.apache.catalina.startup.VersionLoggerListener.log Command line argument: -Djava.protocol.handler.pkgs=org.apache.catalina.webresources
01-Apr-2018 23:22:12.904 INFO [main] org.apache.catalina.startup.VersionLoggerListener.log Command line argument: -Dignore.endorsed.dirs=
01-Apr-2018 23:22:12.904 INFO [main] org.apache.catalina.startup.VersionLoggerListener.log Command line argument: -Dcatalina.base=/Users/graemewoods/Documents/School/2XB3/tomcat
01-Apr-2018 23:22:12.905 INFO [main] org.apache.catalina.startup.VersionLoggerListener.log Command line argument: -Dcatalina.home=/Users/graemewoods/Documents/School/2XB3/tomcat
01-Apr-2018 23:22:12.905 INFO [main] org.apache.catalina.startup.VersionLoggerListener.log Command line argument: -Djava.io.tmpdir=/Users/graemewoods/Documents/School/2XB3/tomcat/temp
01-Apr-2018 23:22:12.905 INFO [main] org.apache.catalina.core.AprLifecycleListener.lifecycleEvent The APR based Apache Tomcat Native library which allows optimal performance in production environments was not found on the java.library.path: [/Users/graemewoods/Library/Java/Extensions:/Library/Java/Extensions:/Network/Library/Java/Extensions:/System/Library/Java/Extensions:/usr/lib/java:.]
01-Apr-2018 23:22:13.080 INFO [main] org.apache.coyote.AbstractProtocol.init Initializing ProtocolHandler ["http-nio-8080"]
01-Apr-2018 23:22:13.136 INFO [main] org.apache.tomcat.util.net.NioSelectorPool.getSharedSelector Using a shared selector for servlet write/read
01-Apr-2018 23:22:13.150 INFO [main] org.apache.coyote.AbstractProtocol.init Initializing ProtocolHandler ["ajp-nio-8009"]
01-Apr-2018 23:22:13.151 INFO [main] org.apache.tomcat.util.net.NioSelectorPool.getSharedSelector Using a shared selector for servlet write/read
01-Apr-2018 23:22:13.151 INFO [main] org.apache.catalina.startup.Catalina.load Initialization processed in 768 ms
01-Apr-2018 23:22:13.204 INFO [main] org.apache.catalina.core.StandardService.startInternal Starting service [Catalina]
01-Apr-2018 23:22:13.205 INFO [main] org.apache.catalina.core.StandardEngine.startInternal Starting Servlet Engine: Apache Tomcat/9.0.5
01-Apr-2018 23:22:13.230 INFO [main] org.apache.catalina.startup.HostConfig.deployDirectory Deploying web application directory [/Users/graemewoods/Documents/School/2XB3/tomcat/webapps/mediPathTest]
01-Apr-2018 23:22:13.739 INFO [main] org.apache.catalina.startup.HostConfig.deployDirectory Deployment of web application directory [/Users/graemewoods/Documents/School/2XB3/tomcat/webapps/mediPathTest] has finished in [509] ms
01-Apr-2018 23:22:13.739 INFO [main] org.apache.catalina.startup.HostConfig.deployDirectory Deploying web application directory [/Users/graemewoods/Documents/School/2XB3/tomcat/webapps/docs]
01-Apr-2018 23:22:13.759 INFO [main] org.apache.catalina.startup.HostConfig.deployDirectory Deployment of web application directory [/Users/graemewoods/Documents/School/2XB3/tomcat/webapps/docs] has finished in [20] ms
01-Apr-2018 23:22:13.759 INFO [main] org.apache.catalina.startup.HostConfig.deployDirectory Deploying web application directory [/Users/graemewoods/Documents/School/2XB3/tomcat/webapps/manager]
01-Apr-2018 23:22:13.843 INFO [main] org.apache.catalina.startup.HostConfig.deployDirectory Deployment of web application directory [/Users/graemewoods/Documents/School/2XB3/tomcat/webapps/manager] has finished in [83] ms
01-Apr-2018 23:22:13.844 INFO [main] org.apache.catalina.startup.HostConfig.deployDirectory Deploying web application directory [/Users/graemewoods/Documents/School/2XB3/tomcat/webapps/examples]
01-Apr-2018 23:22:14.203 INFO [main] org.apache.catalina.startup.HostConfig.deployDirectory Deployment of web application directory [/Users/graemewoods/Documents/School/2XB3/tomcat/webapps/examples] has finished in [359] ms
01-Apr-2018 23:22:14.204 INFO [main] org.apache.catalina.startup.HostConfig.deployDirectory Deploying web application directory [/Users/graemewoods/Documents/School/2XB3/tomcat/webapps/ROOT]
01-Apr-2018 23:22:14.223 INFO [main] org.apache.catalina.startup.HostConfig.deployDirectory Deployment of web application directory [/Users/graemewoods/Documents/School/2XB3/tomcat/webapps/ROOT] has finished in [19] ms
01-Apr-2018 23:22:14.223 INFO [main] org.apache.catalina.startup.HostConfig.deployDirectory Deploying web application directory [/Users/graemewoods/Documents/School/2XB3/tomcat/webapps/host-manager]
01-Apr-2018 23:22:14.247 INFO [main] org.apache.catalina.startup.HostConfig.deployDirectory Deployment of web application directory [/Users/graemewoods/Documents/School/2XB3/tomcat/webapps/host-manager] has finished in [23] ms
01-Apr-2018 23:22:14.250 INFO [main] org.apache.coyote.AbstractProtocol.start Starting ProtocolHandler ["http-nio-8080"]
01-Apr-2018 23:22:14.261 INFO [main] org.apache.coyote.AbstractProtocol.start Starting ProtocolHandler ["ajp-nio-8009"]
01-Apr-2018 23:22:14.264 INFO [main] org.apache.catalina.startup.Catalina.start Server startup in 1111 ms
01-Apr-2018 23:22:17.017 INFO [main] org.apache.catalina.core.StandardServer.await A valid shutdown command was received via the shutdown port. Stopping the Server instance.
01-Apr-2018 23:22:17.018 INFO [main] org.apache.coyote.AbstractProtocol.pause Pausing ProtocolHandler ["http-nio-8080"]
01-Apr-2018 23:22:17.073 INFO [main] org.apache.coyote.AbstractProtocol.pause Pausing ProtocolHandler ["ajp-nio-8009"]
01-Apr-2018 23:22:17.127 INFO [main] org.apache.catalina.core.StandardService.stopInternal Stopping service [Catalina]
01-Apr-2018 23:22:17.164 INFO [main] org.apache.coyote.AbstractProtocol.stop Stopping ProtocolHandler ["http-nio-8080"]
01-Apr-2018 23:22:17.168 INFO [main] org.apache.coyote.AbstractProtocol.stop Stopping ProtocolHandler ["ajp-nio-8009"]
01-Apr-2018 23:22:17.170 INFO [main] org.apache.coyote.AbstractProtocol.destroy Destroying ProtocolHandler ["http-nio-8080"]
01-Apr-2018 23:22:17.172 INFO [main] org.apache.coyote.AbstractProtocol.destroy Destroying ProtocolHandler ["ajp-nio-8009"]
01-Apr-2018 23:22:23.660 INFO [main] org.apache.catalina.startup.VersionLoggerListener.log Server version:        Apache Tomcat/9.0.5
01-Apr-2018 23:22:23.662 INFO [main] org.apache.catalina.startup.VersionLoggerListener.log Server built:          Feb 6 2018 21:42:23 UTC
01-Apr-2018 23:22:23.662 INFO [main] org.apache.catalina.startup.VersionLoggerListener.log Server number:         9.0.5.0
01-Apr-2018 23:22:23.663 INFO [main] org.apache.catalina.startup.VersionLoggerListener.log OS Name:               Mac OS X
01-Apr-2018 23:22:23.663 INFO [main] org.apache.catalina.startup.VersionLoggerListener.log OS Version:            10.13.3
01-Apr-2018 23:22:23.663 INFO [main] org.apache.catalina.startup.VersionLoggerListener.log Architecture:          x86_64
01-Apr-2018 23:22:23.663 INFO [main] org.apache.catalina.startup.VersionLoggerListener.log Java Home:             /Library/Java/JavaVirtualMachines/jdk1.8.0_161.jdk/Contents/Home/jre
01-Apr-2018 23:22:23.663 INFO [main] org.apache.catalina.startup.VersionLoggerListener.log JVM Version:           1.8.0_161-b12
01-Apr-2018 23:22:23.663 INFO [main] org.apache.catalina.startup.VersionLoggerListener.log JVM Vendor:            Oracle Corporation
01-Apr-2018 23:22:23.664 INFO [main] org.apache.catalina.startup.VersionLoggerListener.log CATALINA_BASE:         /Users/graemewoods/Documents/School/2XB3/tomcat
01-Apr-2018 23:22:23.664 INFO [main] org.apache.catalina.startup.VersionLoggerListener.log CATALINA_HOME:         /Users/graemewoods/Documents/School/2XB3/tomcat
01-Apr-2018 23:22:23.666 INFO [main] org.apache.catalina.startup.VersionLoggerListener.log Command line argument: -Djava.util.logging.config.file=/Users/graemewoods/Documents/School/2XB3/tomcat/conf/logging.properties
01-Apr-2018 23:22:23.666 INFO [main] org.apache.catalina.startup.VersionLoggerListener.log Command line argument: -Djava.util.logging.manager=org.apache.juli.ClassLoaderLogManager
01-Apr-2018 23:22:23.666 INFO [main] org.apache.catalina.startup.VersionLoggerListener.log Command line argument: -Djdk.tls.ephemeralDHKeySize=2048
01-Apr-2018 23:22:23.666 INFO [main] org.apache.catalina.startup.VersionLoggerListener.log Command line argument: -Djava.protocol.handler.pkgs=org.apache.catalina.webresources
01-Apr-2018 23:22:23.666 INFO [main] org.apache.catalina.startup.VersionLoggerListener.log Command line argument: -Dignore.endorsed.dirs=
01-Apr-2018 23:22:23.667 INFO [main] org.apache.catalina.startup.VersionLoggerListener.log Command line argument: -Dcatalina.base=/Users/graemewoods/Documents/School/2XB3/tomcat
01-Apr-2018 23:22:23.667 INFO [main] org.apache.catalina.startup.VersionLoggerListener.log Command line argument: -Dcatalina.home=/Users/graemewoods/Documents/School/2XB3/tomcat
01-Apr-2018 23:22:23.667 INFO [main] org.apache.catalina.startup.VersionLoggerListener.log Command line argument: -Djava.io.tmpdir=/Users/graemewoods/Documents/School/2XB3/tomcat/temp
01-Apr-2018 23:22:23.667 INFO [main] org.apache.catalina.core.AprLifecycleListener.lifecycleEvent The APR based Apache Tomcat Native library which allows optimal performance in production environments was not found on the java.library.path: [/Users/graemewoods/Library/Java/Extensions:/Library/Java/Extensions:/Network/Library/Java/Extensions:/System/Library/Java/Extensions:/usr/lib/java:.]
01-Apr-2018 23:22:23.938 INFO [main] org.apache.coyote.AbstractProtocol.init Initializing ProtocolHandler ["http-nio-8080"]
01-Apr-2018 23:22:23.965 INFO [main] org.apache.tomcat.util.net.NioSelectorPool.getSharedSelector Using a shared selector for servlet write/read
01-Apr-2018 23:22:23.972 INFO [main] org.apache.coyote.AbstractProtocol.init Initializing ProtocolHandler ["ajp-nio-8009"]
01-Apr-2018 23:22:23.973 INFO [main] org.apache.tomcat.util.net.NioSelectorPool.getSharedSelector Using a shared selector for servlet write/read
01-Apr-2018 23:22:23.973 INFO [main] org.apache.catalina.startup.Catalina.load Initialization processed in 1068 ms
01-Apr-2018 23:22:24.013 INFO [main] org.apache.catalina.core.StandardService.startInternal Starting service [Catalina]
01-Apr-2018 23:22:24.013 INFO [main] org.apache.catalina.core.StandardEngine.startInternal Starting Servlet Engine: Apache Tomcat/9.0.5
01-Apr-2018 23:22:24.023 INFO [main] org.apache.catalina.startup.HostConfig.deployDirectory Deploying web application directory [/Users/graemewoods/Documents/School/2XB3/tomcat/webapps/mediPathTest]
01-Apr-2018 23:22:24.516 INFO [main] org.apache.catalina.startup.HostConfig.deployDirectory Deployment of web application directory [/Users/graemewoods/Documents/School/2XB3/tomcat/webapps/mediPathTest] has finished in [492] ms
01-Apr-2018 23:22:24.517 INFO [main] org.apache.catalina.startup.HostConfig.deployDirectory Deploying web application directory [/Users/graemewoods/Documents/School/2XB3/tomcat/webapps/docs]
01-Apr-2018 23:22:24.537 INFO [main] org.apache.catalina.startup.HostConfig.deployDirectory Deployment of web application directory [/Users/graemewoods/Documents/School/2XB3/tomcat/webapps/docs] has finished in [20] ms
01-Apr-2018 23:22:24.538 INFO [main] org.apache.catalina.startup.HostConfig.deployDirectory Deploying web application directory [/Users/graemewoods/Documents/School/2XB3/tomcat/webapps/manager]
01-Apr-2018 23:22:24.572 INFO [main] org.apache.catalina.startup.HostConfig.deployDirectory Deployment of web application directory [/Users/graemewoods/Documents/School/2XB3/tomcat/webapps/manager] has finished in [35] ms
01-Apr-2018 23:22:24.572 INFO [main] org.apache.catalina.startup.HostConfig.deployDirectory Deploying web application directory [/Users/graemewoods/Documents/School/2XB3/tomcat/webapps/examples]
01-Apr-2018 23:22:24.917 INFO [main] org.apache.catalina.startup.HostConfig.deployDirectory Deployment of web application directory [/Users/graemewoods/Documents/School/2XB3/tomcat/webapps/examples] has finished in [344] ms
01-Apr-2018 23:22:24.917 INFO [main] org.apache.catalina.startup.HostConfig.deployDirectory Deploying web application directory [/Users/graemewoods/Documents/School/2XB3/tomcat/webapps/ROOT]
01-Apr-2018 23:22:24.937 INFO [main] org.apache.catalina.startup.HostConfig.deployDirectory Deployment of web application directory [/Users/graemewoods/Documents/School/2XB3/tomcat/webapps/ROOT] has finished in [20] ms
01-Apr-2018 23:22:24.938 INFO [main] org.apache.catalina.startup.HostConfig.deployDirectory Deploying web application directory [/Users/graemewoods/Documents/School/2XB3/tomcat/webapps/host-manager]
01-Apr-2018 23:22:24.968 INFO [main] org.apache.catalina.startup.HostConfig.deployDirectory Deployment of web application directory [/Users/graemewoods/Documents/School/2XB3/tomcat/webapps/host-manager] has finished in [30] ms
01-Apr-2018 23:22:24.973 INFO [main] org.apache.coyote.AbstractProtocol.start Starting ProtocolHandler ["http-nio-8080"]
01-Apr-2018 23:22:24.984 INFO [main] org.apache.coyote.AbstractProtocol.start Starting ProtocolHandler ["ajp-nio-8009"]
01-Apr-2018 23:22:24.989 INFO [main] org.apache.catalina.startup.Catalina.start Server startup in 1015 ms
01-Apr-2018 23:23:42.985 INFO [main] org.apache.catalina.core.StandardServer.await A valid shutdown command was received via the shutdown port. Stopping the Server instance.
01-Apr-2018 23:23:42.986 INFO [main] org.apache.coyote.AbstractProtocol.pause Pausing ProtocolHandler ["http-nio-8080"]
01-Apr-2018 23:23:43.042 INFO [main] org.apache.coyote.AbstractProtocol.pause Pausing ProtocolHandler ["ajp-nio-8009"]
01-Apr-2018 23:23:43.098 INFO [main] org.apache.catalina.core.StandardService.stopInternal Stopping service [Catalina]
01-Apr-2018 23:23:43.138 INFO [main] org.apache.coyote.AbstractProtocol.stop Stopping ProtocolHandler ["http-nio-8080"]
01-Apr-2018 23:23:43.141 INFO [main] org.apache.coyote.AbstractProtocol.stop Stopping ProtocolHandler ["ajp-nio-8009"]
01-Apr-2018 23:23:43.145 INFO [main] org.apache.coyote.AbstractProtocol.destroy Destroying ProtocolHandler ["http-nio-8080"]
01-Apr-2018 23:23:43.146 INFO [main] org.apache.coyote.AbstractProtocol.destroy Destroying ProtocolHandler ["ajp-nio-8009"]
01-Apr-2018 23:23:46.539 INFO [main] org.apache.catalina.startup.VersionLoggerListener.log Server version:        Apache Tomcat/9.0.5
01-Apr-2018 23:23:46.545 INFO [main] org.apache.catalina.startup.VersionLoggerListener.log Server built:          Feb 6 2018 21:42:23 UTC
01-Apr-2018 23:23:46.545 INFO [main] org.apache.catalina.startup.VersionLoggerListener.log Server number:         9.0.5.0
01-Apr-2018 23:23:46.546 INFO [main] org.apache.catalina.startup.VersionLoggerListener.log OS Name:               Mac OS X
01-Apr-2018 23:23:46.546 INFO [main] org.apache.catalina.startup.VersionLoggerListener.log OS Version:            10.13.3
01-Apr-2018 23:23:46.547 INFO [main] org.apache.catalina.startup.VersionLoggerListener.log Architecture:          x86_64
01-Apr-2018 23:23:46.547 INFO [main] org.apache.catalina.startup.VersionLoggerListener.log Java Home:             /Library/Java/JavaVirtualMachines/jdk1.8.0_161.jdk/Contents/Home/jre
01-Apr-2018 23:23:46.547 INFO [main] org.apache.catalina.startup.VersionLoggerListener.log JVM Version:           1.8.0_161-b12
01-Apr-2018 23:23:46.548 INFO [main] org.apache.catalina.startup.VersionLoggerListener.log JVM Vendor:            Oracle Corporation
01-Apr-2018 23:23:46.549 INFO [main] org.apache.catalina.startup.VersionLoggerListener.log CATALINA_BASE:         /Users/graemewoods/Documents/School/2XB3/tomcat
01-Apr-2018 23:23:46.550 INFO [main] org.apache.catalina.startup.VersionLoggerListener.log CATALINA_HOME:         /Users/graemewoods/Documents/School/2XB3/tomcat
01-Apr-2018 23:23:46.551 INFO [main] org.apache.catalina.startup.VersionLoggerListener.log Command line argument: -Djava.util.logging.config.file=/Users/graemewoods/Documents/School/2XB3/tomcat/conf/logging.properties
01-Apr-2018 23:23:46.551 INFO [main] org.apache.catalina.startup.VersionLoggerListener.log Command line argument: -Djava.util.logging.manager=org.apache.juli.ClassLoaderLogManager
01-Apr-2018 23:23:46.551 INFO [main] org.apache.catalina.startup.VersionLoggerListener.log Command line argument: -Djdk.tls.ephemeralDHKeySize=2048
01-Apr-2018 23:23:46.551 INFO [main] org.apache.catalina.startup.VersionLoggerListener.log Command line argument: -Djava.protocol.handler.pkgs=org.apache.catalina.webresources
01-Apr-2018 23:23:46.552 INFO [main] org.apache.catalina.startup.VersionLoggerListener.log Command line argument: -Dignore.endorsed.dirs=
01-Apr-2018 23:23:46.552 INFO [main] org.apache.catalina.startup.VersionLoggerListener.log Command line argument: -Dcatalina.base=/Users/graemewoods/Documents/School/2XB3/tomcat
01-Apr-2018 23:23:46.552 INFO [main] org.apache.catalina.startup.VersionLoggerListener.log Command line argument: -Dcatalina.home=/Users/graemewoods/Documents/School/2XB3/tomcat
01-Apr-2018 23:23:46.552 INFO [main] org.apache.catalina.startup.VersionLoggerListener.log Command line argument: -Djava.io.tmpdir=/Users/graemewoods/Documents/School/2XB3/tomcat/temp
01-Apr-2018 23:23:46.552 INFO [main] org.apache.catalina.core.AprLifecycleListener.lifecycleEvent The APR based Apache Tomcat Native library which allows optimal performance in production environments was not found on the java.library.path: [/Users/graemewoods/Library/Java/Extensions:/Library/Java/Extensions:/Network/Library/Java/Extensions:/System/Library/Java/Extensions:/usr/lib/java:.]
01-Apr-2018 23:23:46.773 INFO [main] org.apache.coyote.AbstractProtocol.init Initializing ProtocolHandler ["http-nio-8080"]
01-Apr-2018 23:23:46.799 INFO [main] org.apache.tomcat.util.net.NioSelectorPool.getSharedSelector Using a shared selector for servlet write/read
01-Apr-2018 23:23:46.807 INFO [main] org.apache.coyote.AbstractProtocol.init Initializing ProtocolHandler ["ajp-nio-8009"]
01-Apr-2018 23:23:46.809 INFO [main] org.apache.tomcat.util.net.NioSelectorPool.getSharedSelector Using a shared selector for servlet write/read
01-Apr-2018 23:23:46.810 INFO [main] org.apache.catalina.startup.Catalina.load Initialization processed in 764 ms
01-Apr-2018 23:23:46.847 INFO [main] org.apache.catalina.core.StandardService.startInternal Starting service [Catalina]
01-Apr-2018 23:23:46.847 INFO [main] org.apache.catalina.core.StandardEngine.startInternal Starting Servlet Engine: Apache Tomcat/9.0.5
01-Apr-2018 23:23:46.854 INFO [main] org.apache.catalina.startup.HostConfig.deployDirectory Deploying web application directory [/Users/graemewoods/Documents/School/2XB3/tomcat/webapps/mediPathTest]
01-Apr-2018 23:23:47.302 INFO [main] org.apache.catalina.startup.HostConfig.deployDirectory Deployment of web application directory [/Users/graemewoods/Documents/School/2XB3/tomcat/webapps/mediPathTest] has finished in [445] ms
01-Apr-2018 23:23:47.302 INFO [main] org.apache.catalina.startup.HostConfig.deployDirectory Deploying web application directory [/Users/graemewoods/Documents/School/2XB3/tomcat/webapps/docs]
01-Apr-2018 23:23:47.323 INFO [main] org.apache.catalina.startup.HostConfig.deployDirectory Deployment of web application directory [/Users/graemewoods/Documents/School/2XB3/tomcat/webapps/docs] has finished in [21] ms
01-Apr-2018 23:23:47.324 INFO [main] org.apache.catalina.startup.HostConfig.deployDirectory Deploying web application directory [/Users/graemewoods/Documents/School/2XB3/tomcat/webapps/manager]
01-Apr-2018 23:23:47.364 INFO [main] org.apache.catalina.startup.HostConfig.deployDirectory Deployment of web application directory [/Users/graemewoods/Documents/School/2XB3/tomcat/webapps/manager] has finished in [40] ms
01-Apr-2018 23:23:47.365 INFO [main] org.apache.catalina.startup.HostConfig.deployDirectory Deploying web application directory [/Users/graemewoods/Documents/School/2XB3/tomcat/webapps/examples]
01-Apr-2018 23:23:47.699 INFO [main] org.apache.catalina.startup.HostConfig.deployDirectory Deployment of web application directory [/Users/graemewoods/Documents/School/2XB3/tomcat/webapps/examples] has finished in [334] ms
01-Apr-2018 23:23:47.699 INFO [main] org.apache.catalina.startup.HostConfig.deployDirectory Deploying web application directory [/Users/graemewoods/Documents/School/2XB3/tomcat/webapps/ROOT]
01-Apr-2018 23:23:47.720 INFO [main] org.apache.catalina.startup.HostConfig.deployDirectory Deployment of web application directory [/Users/graemewoods/Documents/School/2XB3/tomcat/webapps/ROOT] has finished in [21] ms
01-Apr-2018 23:23:47.722 INFO [main] org.apache.catalina.startup.HostConfig.deployDirectory Deploying web application directory [/Users/graemewoods/Documents/School/2XB3/tomcat/webapps/host-manager]
01-Apr-2018 23:23:47.748 INFO [main] org.apache.catalina.startup.HostConfig.deployDirectory Deployment of web application directory [/Users/graemewoods/Documents/School/2XB3/tomcat/webapps/host-manager] has finished in [26] ms
01-Apr-2018 23:23:47.751 INFO [main] org.apache.coyote.AbstractProtocol.start Starting ProtocolHandler ["http-nio-8080"]
01-Apr-2018 23:23:47.762 INFO [main] org.apache.coyote.AbstractProtocol.start Starting ProtocolHandler ["ajp-nio-8009"]
01-Apr-2018 23:23:47.764 INFO [main] org.apache.catalina.startup.Catalina.start Server startup in 954 ms
01-Apr-2018 23:52:49.307 INFO [main] org.apache.catalina.core.StandardServer.await A valid shutdown command was received via the shutdown port. Stopping the Server instance.
01-Apr-2018 23:52:49.309 INFO [main] org.apache.coyote.AbstractProtocol.pause Pausing ProtocolHandler ["http-nio-8080"]
01-Apr-2018 23:52:49.371 INFO [main] org.apache.coyote.AbstractProtocol.pause Pausing ProtocolHandler ["ajp-nio-8009"]
01-Apr-2018 23:52:49.425 INFO [main] org.apache.catalina.core.StandardService.stopInternal Stopping service [Catalina]
01-Apr-2018 23:52:49.484 INFO [main] org.apache.coyote.AbstractProtocol.stop Stopping ProtocolHandler ["http-nio-8080"]
01-Apr-2018 23:52:49.487 INFO [main] org.apache.coyote.AbstractProtocol.stop Stopping ProtocolHandler ["ajp-nio-8009"]
01-Apr-2018 23:52:49.488 INFO [main] org.apache.coyote.AbstractProtocol.destroy Destroying ProtocolHandler ["http-nio-8080"]
01-Apr-2018 23:52:49.489 INFO [main] org.apache.coyote.AbstractProtocol.destroy Destroying ProtocolHandler ["ajp-nio-8009"]
