07-Mar-2018 15:13:30.528 INFO [main] org.apache.catalina.startup.VersionLoggerListener.log Server version:        Apache Tomcat/9.0.5
07-Mar-2018 15:13:30.533 INFO [main] org.apache.catalina.startup.VersionLoggerListener.log Server built:          Feb 6 2018 21:42:23 UTC
07-Mar-2018 15:13:30.533 INFO [main] org.apache.catalina.startup.VersionLoggerListener.log Server number:         9.0.5.0
07-Mar-2018 15:13:30.534 INFO [main] org.apache.catalina.startup.VersionLoggerListener.log OS Name:               Mac OS X
07-Mar-2018 15:13:30.534 INFO [main] org.apache.catalina.startup.VersionLoggerListener.log OS Version:            10.13.3
07-Mar-2018 15:13:30.534 INFO [main] org.apache.catalina.startup.VersionLoggerListener.log Architecture:          x86_64
07-Mar-2018 15:13:30.534 INFO [main] org.apache.catalina.startup.VersionLoggerListener.log Java Home:             /Library/Java/JavaVirtualMachines/jdk1.8.0_161.jdk/Contents/Home/jre
07-Mar-2018 15:13:30.534 INFO [main] org.apache.catalina.startup.VersionLoggerListener.log JVM Version:           1.8.0_161-b12
07-Mar-2018 15:13:30.534 INFO [main] org.apache.catalina.startup.VersionLoggerListener.log JVM Vendor:            Oracle Corporation
07-Mar-2018 15:13:30.534 INFO [main] org.apache.catalina.startup.VersionLoggerListener.log CATALINA_BASE:         /Users/graemewoods/Documents/School/2XB3/tomcat clean
07-Mar-2018 15:13:30.535 INFO [main] org.apache.catalina.startup.VersionLoggerListener.log CATALINA_HOME:         /Users/graemewoods/Documents/School/2XB3/tomcat clean
07-Mar-2018 15:13:30.536 INFO [main] org.apache.catalina.startup.VersionLoggerListener.log Command line argument: -Djava.util.logging.config.file=/Users/graemewoods/Documents/School/2XB3/tomcat clean/conf/logging.properties
07-Mar-2018 15:13:30.536 INFO [main] org.apache.catalina.startup.VersionLoggerListener.log Command line argument: -Djava.util.logging.manager=org.apache.juli.ClassLoaderLogManager
07-Mar-2018 15:13:30.536 INFO [main] org.apache.catalina.startup.VersionLoggerListener.log Command line argument: -Djdk.tls.ephemeralDHKeySize=2048
07-Mar-2018 15:13:30.536 INFO [main] org.apache.catalina.startup.VersionLoggerListener.log Command line argument: -Djava.protocol.handler.pkgs=org.apache.catalina.webresources
07-Mar-2018 15:13:30.536 INFO [main] org.apache.catalina.startup.VersionLoggerListener.log Command line argument: -Dignore.endorsed.dirs=
07-Mar-2018 15:13:30.537 INFO [main] org.apache.catalina.startup.VersionLoggerListener.log Command line argument: -Dcatalina.base=/Users/graemewoods/Documents/School/2XB3/tomcat clean
07-Mar-2018 15:13:30.537 INFO [main] org.apache.catalina.startup.VersionLoggerListener.log Command line argument: -Dcatalina.home=/Users/graemewoods/Documents/School/2XB3/tomcat clean
07-Mar-2018 15:13:30.537 INFO [main] org.apache.catalina.startup.VersionLoggerListener.log Command line argument: -Djava.io.tmpdir=/Users/graemewoods/Documents/School/2XB3/tomcat clean/temp
07-Mar-2018 15:13:30.537 INFO [main] org.apache.catalina.core.AprLifecycleListener.lifecycleEvent The APR based Apache Tomcat Native library which allows optimal performance in production environments was not found on the java.library.path: [/Users/graemewoods/Library/Java/Extensions:/Library/Java/Extensions:/Network/Library/Java/Extensions:/System/Library/Java/Extensions:/usr/lib/java:.]
07-Mar-2018 15:13:30.724 INFO [main] org.apache.coyote.AbstractProtocol.init Initializing ProtocolHandler ["http-nio-8080"]
07-Mar-2018 15:13:30.752 INFO [main] org.apache.tomcat.util.net.NioSelectorPool.getSharedSelector Using a shared selector for servlet write/read
07-Mar-2018 15:13:30.759 INFO [main] org.apache.coyote.AbstractProtocol.init Initializing ProtocolHandler ["ajp-nio-8009"]
07-Mar-2018 15:13:30.760 INFO [main] org.apache.tomcat.util.net.NioSelectorPool.getSharedSelector Using a shared selector for servlet write/read
07-Mar-2018 15:13:30.761 INFO [main] org.apache.catalina.startup.Catalina.load Initialization processed in 774 ms
07-Mar-2018 15:13:30.794 INFO [main] org.apache.catalina.core.StandardService.startInternal Starting service [Catalina]
07-Mar-2018 15:13:30.794 INFO [main] org.apache.catalina.core.StandardEngine.startInternal Starting Servlet Engine: Apache Tomcat/9.0.5
07-Mar-2018 15:13:30.803 INFO [main] org.apache.catalina.startup.HostConfig.deployDirectory Deploying web application directory [/Users/graemewoods/Documents/School/2XB3/tomcat clean/webapps/docs]
07-Mar-2018 15:13:31.175 INFO [main] org.apache.catalina.startup.HostConfig.deployDirectory Deployment of web application directory [/Users/graemewoods/Documents/School/2XB3/tomcat clean/webapps/docs] has finished in [372] ms
07-Mar-2018 15:13:31.176 INFO [main] org.apache.catalina.startup.HostConfig.deployDirectory Deploying web application directory [/Users/graemewoods/Documents/School/2XB3/tomcat clean/webapps/manager]
07-Mar-2018 15:13:31.223 INFO [main] org.apache.catalina.startup.HostConfig.deployDirectory Deployment of web application directory [/Users/graemewoods/Documents/School/2XB3/tomcat clean/webapps/manager] has finished in [47] ms
07-Mar-2018 15:13:31.223 INFO [main] org.apache.catalina.startup.HostConfig.deployDirectory Deploying web application directory [/Users/graemewoods/Documents/School/2XB3/tomcat clean/webapps/examples]
07-Mar-2018 15:13:31.558 INFO [main] org.apache.catalina.startup.HostConfig.deployDirectory Deployment of web application directory [/Users/graemewoods/Documents/School/2XB3/tomcat clean/webapps/examples] has finished in [335] ms
07-Mar-2018 15:13:31.559 INFO [main] org.apache.catalina.startup.HostConfig.deployDirectory Deploying web application directory [/Users/graemewoods/Documents/School/2XB3/tomcat clean/webapps/ROOT]
07-Mar-2018 15:13:31.578 INFO [main] org.apache.catalina.startup.HostConfig.deployDirectory Deployment of web application directory [/Users/graemewoods/Documents/School/2XB3/tomcat clean/webapps/ROOT] has finished in [19] ms
07-Mar-2018 15:13:31.578 INFO [main] org.apache.catalina.startup.HostConfig.deployDirectory Deploying web application directory [/Users/graemewoods/Documents/School/2XB3/tomcat clean/webapps/host-manager]
07-Mar-2018 15:13:31.601 INFO [main] org.apache.catalina.startup.HostConfig.deployDirectory Deployment of web application directory [/Users/graemewoods/Documents/School/2XB3/tomcat clean/webapps/host-manager] has finished in [23] ms
07-Mar-2018 15:13:31.607 INFO [main] org.apache.coyote.AbstractProtocol.start Starting ProtocolHandler ["http-nio-8080"]
07-Mar-2018 15:13:31.616 INFO [main] org.apache.coyote.AbstractProtocol.start Starting ProtocolHandler ["ajp-nio-8009"]
07-Mar-2018 15:13:31.618 INFO [main] org.apache.catalina.startup.Catalina.start Server startup in 857 ms
07-Mar-2018 15:13:50.814 INFO [main] org.apache.catalina.core.StandardServer.await A valid shutdown command was received via the shutdown port. Stopping the Server instance.
07-Mar-2018 15:13:50.814 INFO [main] org.apache.coyote.AbstractProtocol.pause Pausing ProtocolHandler ["http-nio-8080"]
07-Mar-2018 15:13:50.872 INFO [main] org.apache.coyote.AbstractProtocol.pause Pausing ProtocolHandler ["ajp-nio-8009"]
07-Mar-2018 15:13:50.925 INFO [main] org.apache.catalina.core.StandardService.stopInternal Stopping service [Catalina]
07-Mar-2018 15:13:50.967 INFO [main] org.apache.coyote.AbstractProtocol.stop Stopping ProtocolHandler ["http-nio-8080"]
07-Mar-2018 15:13:50.990 INFO [main] org.apache.coyote.AbstractProtocol.stop Stopping ProtocolHandler ["ajp-nio-8009"]
07-Mar-2018 15:13:50.993 INFO [main] org.apache.coyote.AbstractProtocol.destroy Destroying ProtocolHandler ["http-nio-8080"]
07-Mar-2018 15:13:50.994 INFO [main] org.apache.coyote.AbstractProtocol.destroy Destroying ProtocolHandler ["ajp-nio-8009"]
