01-Apr-2018 18:56:40.802 INFO [main] org.apache.catalina.core.ApplicationContext.log ContextListener: contextInitialized()
01-Apr-2018 18:56:40.802 INFO [main] org.apache.catalina.core.ApplicationContext.log SessionListener: contextInitialized()
01-Apr-2018 18:56:40.804 INFO [main] org.apache.catalina.core.ApplicationContext.log ContextListener: attributeAdded('StockTicker', 'async.Stockticker@c0c2f8d')
01-Apr-2018 18:59:20.555 INFO [http-nio-8080-exec-15] org.apache.catalina.core.ApplicationContext.log ContextListener: attributeAdded('org.apache.jasper.runtime.JspApplicationContextImpl', 'org.apache.jasper.runtime.JspApplicationContextImpl@6b2f1076')
01-Apr-2018 18:59:20.729 INFO [http-nio-8080-exec-15] org.apache.catalina.core.ApplicationContext.log ContextListener: attributeAdded('org.apache.jasper.compiler.ELInterpreter', 'org.apache.jasper.compiler.ELInterpreterFactory$DefaultELInterpreter@3ac675f3')
01-Apr-2018 18:59:21.535 INFO [http-nio-8080-exec-15] org.apache.catalina.core.ApplicationContext.log SessionListener: sessionCreated('66C0657B5D92E9F44CC3A635450931D9')
01-Apr-2018 19:34:44.219 INFO [ContainerBackgroundProcessor[StandardEngine[Catalina]]] org.apache.catalina.core.ApplicationContext.log SessionListener: sessionDestroyed('66C0657B5D92E9F44CC3A635450931D9')
01-Apr-2018 23:22:10.178 INFO [main] org.apache.catalina.core.ApplicationContext.log SessionListener: contextDestroyed()
01-Apr-2018 23:22:10.178 INFO [main] org.apache.catalina.core.ApplicationContext.log ContextListener: contextDestroyed()
01-Apr-2018 23:22:14.194 INFO [main] org.apache.catalina.core.ApplicationContext.log ContextListener: contextInitialized()
01-Apr-2018 23:22:14.194 INFO [main] org.apache.catalina.core.ApplicationContext.log SessionListener: contextInitialized()
01-Apr-2018 23:22:14.196 INFO [main] org.apache.catalina.core.ApplicationContext.log ContextListener: attributeAdded('StockTicker', 'async.Stockticker@305b7c14')
01-Apr-2018 23:22:17.147 INFO [main] org.apache.catalina.core.ApplicationContext.log SessionListener: contextDestroyed()
01-Apr-2018 23:22:17.147 INFO [main] org.apache.catalina.core.ApplicationContext.log ContextListener: contextDestroyed()
01-Apr-2018 23:22:24.906 INFO [main] org.apache.catalina.core.ApplicationContext.log ContextListener: contextInitialized()
01-Apr-2018 23:22:24.907 INFO [main] org.apache.catalina.core.ApplicationContext.log SessionListener: contextInitialized()
01-Apr-2018 23:22:24.908 INFO [main] org.apache.catalina.core.ApplicationContext.log ContextListener: attributeAdded('StockTicker', 'async.Stockticker@305b7c14')
01-Apr-2018 23:23:43.116 INFO [main] org.apache.catalina.core.ApplicationContext.log SessionListener: contextDestroyed()
01-Apr-2018 23:23:43.117 INFO [main] org.apache.catalina.core.ApplicationContext.log ContextListener: contextDestroyed()
01-Apr-2018 23:23:47.690 INFO [main] org.apache.catalina.core.ApplicationContext.log ContextListener: contextInitialized()
01-Apr-2018 23:23:47.690 INFO [main] org.apache.catalina.core.ApplicationContext.log SessionListener: contextInitialized()
01-Apr-2018 23:23:47.692 INFO [main] org.apache.catalina.core.ApplicationContext.log ContextListener: attributeAdded('StockTicker', 'async.Stockticker@305b7c14')
01-Apr-2018 23:52:49.453 INFO [main] org.apache.catalina.core.ApplicationContext.log SessionListener: contextDestroyed()
01-Apr-2018 23:52:49.456 INFO [main] org.apache.catalina.core.ApplicationContext.log ContextListener: contextDestroyed()
